<?xml version="1.0" encoding="UTF-8"?>
<!-- Generated by org.testng.reporters.JUnitXMLReporter -->
<testsuite ignored="0" hostname="LAPTOP-VT9KDRKL" failures="1" tests="1" name="Test" time="4.625" errors="0" timestamp="2024-10-29T11:36:24 SGT">
  <testcase classname="com.vcentry.testcase.LoginTest" name="loginWithInValidCredentials" time="0.0">
    <failure type="org.testng.TestNGException" message="
Data Provider public java.lang.String[][] com.vcentry.testcase.LoginTest.InvalidLogin() returned a null value">
      <![CDATA[org.testng.TestNGException: 
Data Provider public java.lang.String[][] com.vcentry.testcase.LoginTest.InvalidLogin() returned a null value
at java.base/java.util.ArrayList.forEach(ArrayList.java:1597)
... Removed 24 stack frames]]>
    </failure>
  </testcase> <!-- loginWithInValidCredentials -->
</testsuite> <!-- Test -->
